[+] Containers:
 |- [+] Container: /Game/Dropent/Scenes/MainMenu
 |   |- [+] ActorDescs:
 |   |   |- Guid:03A3F082455A83DC2D31CA8D509AC2DD BaseClass: NativeClass:/Script/Engine.WorldDataLayers Name:WorldDataLayers Label:WorldDataLayers SpatiallyLoaded:0 Bounds:Invalid RuntimeGrid:None EditorOnly:0 RuntimeOnly:0 HLODRelevant:0 ListedInSceneOutliner:1 IsMainWorldOnly:1
 |   |- [+] Clusters:
 |   |   |- [+] [  0]
 |   |   |   |- Guid:03A3F082455A83DC2D31CA8D509AC2DD BaseClass: NativeClass:/Script/Engine.WorldDataLayers Name:WorldDataLayers Label:WorldDataLayers SpatiallyLoaded:0 Bounds:Invalid RuntimeGrid:None EditorOnly:0 RuntimeOnly:0 HLODRelevant:0 ListedInSceneOutliner:1 IsMainWorldOnly:1
 |- ContainerInstances:
 |- [+] MainContainer:
 |   |-        ID: 00000000000000000000000000000000
 |   |-  ParentID: 00000000000000000000000000000000
 |   |-    Bounds: IsValid=false, Min=(X=0.000 Y=0.000 Z=0.000), Max=(X=0.000 Y=0.000 Z=0.000)
 |   |- Transform: 0.000000,0.000000,0.000000|0.000000,0.000000,-0.000000|1.000000,1.000000,1.000000
 |   |- Container: /Game/Dropent/Scenes/MainMenu
----------------------------------------------------------------------------------------------------------------
MainMenu - Persistent Level
----------------------------------------------------------------------------------------------------------------
[+] Content of MainMenu Persistent Level
 |- Always loaded Actor Count: 8 
 |- Actor Path: /Game/Dropent/Scenes/MainMenu.MainMenu:PersistentLevel.AbstractNavData-Default
 |- Actor Package: /Game/Dropent/Scenes/MainMenu
 |- Actor Path: /Game/Dropent/Scenes/MainMenu.MainMenu:PersistentLevel.Brush_0
 |- Actor Package: /Game/Dropent/Scenes/MainMenu
 |- Actor Path: /Game/Dropent/Scenes/MainMenu.MainMenu:PersistentLevel.DefaultPhysicsVolume_0
 |- Actor Package: /Game/Dropent/Scenes/MainMenu
 |- Actor Path: /Game/Dropent/Scenes/MainMenu.MainMenu:PersistentLevel.GameplayDebuggerPlayerManager_0
 |- Actor Package: /Game/Dropent/Scenes/MainMenu
 |- Actor Path: /Game/Dropent/Scenes/MainMenu.MainMenu:PersistentLevel.MainMenu_C_1
 |- Actor Package: /Game/Dropent/Scenes/MainMenu
 |- Actor Path: /Game/Dropent/Scenes/MainMenu.MainMenu:PersistentLevel.WorldDataLayers
 |- Actor Package: /Game/__ExternalActors__/Dropent/Scenes/MainMenu/7/NX/UJTRKBE0JC7II4S4YWGSCR
 |- Actor Path: /Game/Dropent/Scenes/MainMenu.MainMenu:PersistentLevel.WorldInfo_0
 |- Actor Package: /Game/Dropent/Scenes/MainMenu
 |- Actor Path: /Game/Dropent/Scenes/MainMenu.MainMenu:PersistentLevel.WorldPartitionMiniMap_0
 |- Actor Package: /Game/__ExternalActors__/Dropent/Scenes/MainMenu/0/91/UNNAFSACAT3GHKCCVC9WPM

----------------------------------------------------------------------------------------------------------------
MainMenu - Runtime Spatial Hash - Streaming Grid - MainGrid
----------------------------------------------------------------------------------------------------------------
            Origin: X=0.000 Y=0.000 Z=0.000
         Cell Size: 12800
      World Bounds: IsValid=false, Min=(X=0.000 Y=0.000 Z=0.000), Max=(X=0.000 Y=0.000 Z=0.000)
     Loading Range: 25600.00
Block Slow Loading: No
 ClientOnlyVisible: No
            Origin: X=0.000 Y=0.000 Z=0.000

[+] Grid Levels: 1
 |- Level  0: Cell Count    0 | Cell Size   12800 | Actor Count    0 (0.0%)

[+] Content of Grid Level 0

